2019-03-18 09:53:05,796 :  管理员账户验证成功
2019-03-18 09:53:05,812 :  admin账号登陆成功
2019-03-18 09:58:18,881 :  程序退出
2019-03-21 14:02:02,782 :  启动登陆程序
2019-03-21 14:02:06,692 :  管理员账户验证成功
2019-03-21 14:02:06,702 :  admin账号登陆成功
2019-03-21 14:02:11,569 :  程序退出
2019-03-21 14:12:05,417 :  启动登陆程序
2019-03-21 14:12:08,707 :  管理员账户验证成功
2019-03-21 14:12:08,718 :  admin账号登陆成功
2019-03-21 14:12:19,177 :  程序退出
2019-03-22 09:10:36,362 :  启动登陆程序
2019-03-22 09:10:39,283 :  管理员账户验证成功
2019-03-22 09:10:39,293 :  admin账号登陆成功
2019-03-22 09:10:44,403 :  程序退出
2019-03-22 12:34:35,786 :  启动登陆程序
2019-03-22 14:29:00,416 :  启动登陆程序
2019-03-22 14:29:05,150 :  管理员账户验证成功
2019-03-22 14:29:05,161 :  admin账号登陆成功
2019-03-22 14:33:54,722 :  程序退出
2019-03-22 14:40:17,365 :  启动登陆程序
2019-03-22 14:40:26,281 :  管理员账户验证成功
2019-03-22 14:40:26,292 :  admin账号登陆成功
2019-03-22 14:41:21,254 :  页面自动刷新中
2019-03-22 14:41:22,262 :  页面自动刷新中
2019-03-22 14:41:23,278 :  页面自动刷新中
2019-03-22 14:41:24,291 :  页面自动刷新中
2019-03-22 14:41:25,305 :  页面自动刷新中
2019-03-22 14:41:26,320 :  页面自动刷新中
2019-03-22 14:41:27,341 :  页面自动刷新中
2019-03-22 14:41:28,346 :  页面自动刷新中
2019-03-22 14:41:29,363 :  页面自动刷新中
2019-03-22 14:41:30,376 :  页面自动刷新中
2019-03-22 14:41:31,392 :  页面自动刷新中
2019-03-22 14:41:32,404 :  页面自动刷新中
2019-03-22 14:41:33,419 :  页面自动刷新中
2019-03-22 14:41:34,432 :  页面自动刷新中
2019-03-22 14:41:35,444 :  页面自动刷新中
2019-03-22 14:41:36,464 :  页面自动刷新中
2019-03-22 14:41:37,475 :  页面自动刷新中
2019-03-22 14:41:37,803 :  停止自动刷新
2019-03-22 14:41:58,435 :  编辑......
2019-03-22 14:41:59,910 :  保存成功
2019-03-22 14:42:03,346 :  查看上一页
2019-03-22 14:42:04,122 :  查看上一页
2019-03-22 14:42:04,322 :  查看上一页
2019-03-22 14:42:05,346 :  查看下一页
2019-03-22 14:42:06,491 :  查看上一页
2019-03-22 14:43:01,888 :  当前页刷新成功
2019-03-22 14:43:04,991 :  当前页刷新成功
2019-03-22 14:43:05,590 :  当前页刷新成功
2019-03-22 14:47:16,821 :  程序退出
2019-03-22 15:48:55,156 :  启动登陆程序
2019-03-22 15:48:58,313 :  管理员账户验证成功
2019-03-22 15:48:58,324 :  admin账号登陆成功
2019-03-22 15:49:07,801 :  程序退出
2019-03-25 09:25:35,244 :  启动登陆程序
2019-03-25 09:25:38,323 :  管理员账户验证成功
2019-03-25 09:25:38,334 :  admin账号登陆成功
2019-03-25 09:25:44,388 :  程序退出
2019-03-25 09:39:09,099 :  启动登陆程序
2019-03-25 09:39:10,874 :  管理员账户验证成功
2019-03-25 09:39:10,884 :  admin账号登陆成功
2019-03-25 09:39:15,895 :  程序退出
2019-03-25 09:42:51,087 :  启动登陆程序
2019-03-25 09:42:53,100 :  管理员账户验证成功
2019-03-25 09:42:53,111 :  admin账号登陆成功
2019-03-25 09:43:32,417 :  查看下一页
2019-03-25 09:43:33,217 :  查看下一页
2019-03-25 09:43:33,777 :  查看下一页
2019-03-25 09:43:34,064 :  查看下一页
2019-03-25 09:43:34,265 :  查看下一页
2019-03-25 09:43:34,468 :  查看下一页
2019-03-25 09:43:34,664 :  查看下一页
2019-03-25 09:43:34,848 :  查看下一页
2019-03-25 09:43:35,033 :  查看下一页
2019-03-25 09:43:35,200 :  查看下一页
2019-03-25 09:43:35,392 :  查看下一页
2019-03-25 09:43:35,576 :  查看下一页
2019-03-25 09:43:35,776 :  查看下一页
2019-03-25 09:43:35,968 :  查看下一页
2019-03-25 09:43:36,168 :  查看下一页
2019-03-25 09:43:36,352 :  查看下一页
2019-03-25 09:43:36,552 :  查看下一页
2019-03-25 09:43:36,744 :  查看下一页
2019-03-25 09:43:36,928 :  查看下一页
2019-03-25 09:43:37,129 :  查看下一页
2019-03-25 09:43:37,320 :  查看下一页
2019-03-25 09:43:37,520 :  查看下一页
2019-03-25 09:43:37,696 :  查看下一页
2019-03-25 09:43:38,720 :  查看上一页
2019-03-25 09:43:39,152 :  查看上一页
2019-03-25 09:43:39,360 :  查看上一页
2019-03-25 09:43:39,568 :  查看上一页
2019-03-25 09:43:39,753 :  查看上一页
2019-03-25 09:43:39,969 :  查看上一页
2019-03-25 09:43:40,161 :  查看上一页
2019-03-25 09:43:40,353 :  查看上一页
2019-03-25 09:43:40,545 :  查看上一页
2019-03-25 09:43:40,737 :  查看上一页
2019-03-25 09:43:40,929 :  查看上一页
2019-03-25 09:43:41,113 :  查看上一页
2019-03-25 09:43:41,313 :  查看上一页
2019-03-25 09:43:41,497 :  查看上一页
2019-03-25 09:43:41,697 :  查看上一页
2019-03-25 09:43:41,897 :  查看上一页
2019-03-25 09:43:42,073 :  查看上一页
2019-03-25 09:43:42,257 :  查看上一页
2019-03-25 09:43:42,432 :  查看上一页
2019-03-25 09:43:42,609 :  查看上一页
2019-03-25 09:43:42,796 :  查看上一页
2019-03-25 09:43:42,992 :  查看上一页
2019-03-25 09:43:43,185 :  查看上一页
2019-03-25 09:43:43,361 :  查看上一页
2019-03-25 09:43:43,545 :  查看上一页
2019-03-25 09:43:46,460 :  程序退出
2019-03-26 16:28:53,717 :  启动登陆程序
2019-03-26 16:28:56,811 :  管理员账户验证成功
2019-03-26 16:28:56,825 :  admin账号登陆成功
2019-03-26 16:29:04,027 :  程序退出
2019-03-26 16:29:11,706 :  启动登陆程序
2019-03-26 16:29:38,443 :  user账号登陆成功
2019-03-26 16:29:52,248 :  编辑......
2019-03-26 16:29:53,619 :  保存成功
2019-03-26 16:29:54,168 :  编辑......
2019-03-26 16:29:54,973 :  保存成功
2019-03-26 16:30:05,481 :  编辑......
2019-03-26 16:30:10,448 :  保存成功
2019-03-26 16:30:31,486 :  程序退出
2019-03-26 16:30:38,070 :  启动登陆程序
2019-03-26 16:30:43,102 :  管理员账户验证成功
2019-03-26 16:30:43,113 :  admin账号登陆成功
2019-03-26 16:30:46,236 :  程序退出
2019-03-27 17:34:57,037 :  启动登陆程序
2019-03-27 17:35:02,344 :  管理员账户验证成功
2019-03-27 17:35:02,355 :  admin账号登陆成功
2019-03-27 17:35:07,153 :  程序退出
2019-04-12 18:29:53,620 :  启动登陆程序
2019-05-06 14:47:04,347 :  启动登陆程序
2019-05-06 14:47:08,076 :  管理员账户验证成功
2019-05-06 14:47:08,087 :  admin账号登陆成功
2019-05-06 14:47:12,296 :  编辑......
2019-05-06 14:47:13,781 :  保存成功
2019-05-06 14:47:22,839 :  程序退出
2019-05-06 15:44:40,331 :  启动登陆程序
2019-05-06 15:44:43,272 :  管理员账户验证成功
2019-05-06 15:44:43,283 :  admin账号登陆成功
2019-05-06 15:44:46,689 :  程序退出
